# JRE version: OpenJDK Runtime Environment Temurin-17.0.6+10 (17.0.6+10) (build 17.0.6+10)
# Java VM: OpenJDK 64-Bit Server VM Temurin-17.0.6+10 (17.0.6+10, mixed mode, sharing, tiered, compressed oops, compressed class ptrs, g1 gc, windows-amd64)
GC Precious Log:
 CPUs: 8 total, 8 available
 Memory: 16057M
 Large Page Support: Disabled
 NUMA Support: Disabled
 Compressed Oops: Enabled (32-bit)
 Heap Region Size: 1M
 Heap Min Capacity: 8M
 Heap Initial Capacity: 252M
 Heap Max Capacity: 1536M
 Pre-touch: Disabled
 Parallel Workers: 8
 Concurrent Workers: 2
 Concurrent Refinement Workers: 8
 Periodic GC: Disabled
Heap:
 garbage-first heap   total 276480K, used 165699K [0x00000000a0000000, 0x0000000100000000)
  region size 1024K, 26 young (26624K), 12 survivors (12288K)
 Metaspace       used 83075K, committed 84160K, reserved 1122304K
  class space    used 11556K, committed 12032K, reserved 1048576K
GC Heap History (20 events):
Event: 7.100 GC heap before
{Heap before GC invocations=26 (full 0):
 garbage-first heap   total 142336K, used 109732K [0x00000000a0000000, 0x0000000100000000)
  region size 1024K, 41 young (41984K), 2 survivors (2048K)
 Metaspace       used 61661K, committed 62336K, reserved 1105920K
  class space    used 8339K, committed 8640K, reserved 1048576K
}
Event: 7.103 GC heap after
{Heap after GC invocations=27 (full 0):
 garbage-first heap   total 142336K, used 72391K [0x00000000a0000000, 0x0000000100000000)
  region size 1024K, 5 young (5120K), 5 survivors (5120K)
 Metaspace       used 61661K, committed 62336K, reserved 1105920K
  class space    used 8339K, committed 8640K, reserved 1048576K
}
Event: 7.449 GC heap before
{Heap before GC invocations=28 (full 0):
 garbage-first heap   total 142336K, used 112327K [0x00000000a0000000, 0x0000000100000000)
  region size 1024K, 44 young (45056K), 5 survivors (5120K)
 Metaspace       used 65049K, committed 65792K, reserved 1105920K
  class space    used 8920K, committed 9280K, reserved 1048576K
}
Event: 7.455 GC heap after
{Heap after GC invocations=29 (full 0):
 garbage-first heap   total 142336K, used 74972K [0x00000000a0000000, 0x0000000100000000)
  region size 1024K, 6 young (6144K), 6 survivors (6144K)
 Metaspace       used 65049K, committed 65792K, reserved 1105920K
  class space    used 8920K, committed 9280K, reserved 1048576K
}
Event: 7.466 GC heap before
{Heap before GC invocations=29 (full 0):
 garbage-first heap   total 142336K, used 75996K [0x00000000a0000000, 0x0000000100000000)
  region size 1024K, 7 young (7168K), 6 survivors (6144K)
 Metaspace       used 65147K, committed 65856K, reserved 1105920K
  class space    used 8952K, committed 9280K, reserved 1048576K
}
Event: 7.469 GC heap after
{Heap after GC invocations=30 (full 0):
 garbage-first heap   total 142336K, used 75112K [0x00000000a0000000, 0x0000000100000000)
  region size 1024K, 1 young (1024K), 1 survivors (1024K)
 Metaspace       used 65147K, committed 65856K, reserved 1105920K
  class space    used 8952K, committed 9280K, reserved 1048576K
}
Event: 7.757 GC heap before
{Heap before GC invocations=30 (full 0):
 garbage-first heap   total 142336K, used 114024K [0x00000000a0000000, 0x0000000100000000)
  region size 1024K, 39 young (39936K), 1 survivors (1024K)
 Metaspace       used 68100K, committed 68928K, reserved 1114112K
  class space    used 9405K, committed 9792K, reserved 1048576K
}
Event: 7.760 GC heap after
{Heap after GC invocations=31 (full 0):
 garbage-first heap   total 276480K, used 76957K [0x00000000a0000000, 0x0000000100000000)
  region size 1024K, 3 young (3072K), 3 survivors (3072K)
 Metaspace       used 68100K, committed 68928K, reserved 1114112K
  class space    used 9405K, committed 9792K, reserved 1048576K
}
Event: 9.275 GC heap before
{Heap before GC invocations=32 (full 0):
 garbage-first heap   total 276480K, used 209053K [0x00000000a0000000, 0x0000000100000000)
  region size 1024K, 126 young (129024K), 3 survivors (3072K)
 Metaspace       used 72064K, committed 72896K, reserved 1114112K
  class space    used 9992K, committed 10368K, reserved 1048576K
}
Event: 9.287 GC heap after
{Heap after GC invocations=33 (full 0):
 garbage-first heap   total 276480K, used 102400K [0x00000000a0000000, 0x0000000100000000)
  region size 1024K, 16 young (16384K), 16 survivors (16384K)
 Metaspace       used 72064K, committed 72896K, reserved 1114112K
  class space    used 9992K, committed 10368K, reserved 1048576K
}
Event: 9.294 GC heap before
{Heap before GC invocations=33 (full 0):
 garbage-first heap   total 276480K, used 103424K [0x00000000a0000000, 0x0000000100000000)
  region size 1024K, 17 young (17408K), 16 survivors (16384K)
 Metaspace       used 72069K, committed 72896K, reserved 1114112K
  class space    used 9992K, committed 10368K, reserved 1048576K
}
Event: 9.302 GC heap after
{Heap after GC invocations=34 (full 0):
 garbage-first heap   total 276480K, used 104039K [0x00000000a0000000, 0x0000000100000000)
  region size 1024K, 2 young (2048K), 2 survivors (2048K)
 Metaspace       used 72069K, committed 72896K, reserved 1114112K
  class space    used 9992K, committed 10368K, reserved 1048576K
}
Event: 10.389 GC heap before
{Heap before GC invocations=34 (full 0):
 garbage-first heap   total 276480K, used 208487K [0x00000000a0000000, 0x0000000100000000)
  region size 1024K, 103 young (105472K), 2 survivors (2048K)
 Metaspace       used 72964K, committed 73920K, reserved 1114112K
  class space    used 10102K, committed 10496K, reserved 1048576K
}
Event: 10.396 GC heap after
{Heap after GC invocations=35 (full 0):
 garbage-first heap   total 276480K, used 119578K [0x00000000a0000000, 0x0000000100000000)
  region size 1024K, 13 young (13312K), 13 survivors (13312K)
 Metaspace       used 72964K, committed 73920K, reserved 1114112K
  class space    used 10102K, committed 10496K, reserved 1048576K
}
Event: 12.344 GC heap before
{Heap before GC invocations=35 (full 0):
 garbage-first heap   total 276480K, used 211738K [0x00000000a0000000, 0x0000000100000000)
  region size 1024K, 103 young (105472K), 13 survivors (13312K)
 Metaspace       used 78219K, committed 79232K, reserved 1122304K
  class space    used 10888K, committed 11328K, reserved 1048576K
}
Event: 12.356 GC heap after
{Heap after GC invocations=36 (full 0):
 garbage-first heap   total 276480K, used 129169K [0x00000000a0000000, 0x0000000100000000)
  region size 1024K, 10 young (10240K), 10 survivors (10240K)
 Metaspace       used 78219K, committed 79232K, reserved 1122304K
  class space    used 10888K, committed 11328K, reserved 1048576K
}
Event: 13.211 GC heap before
{Heap before GC invocations=36 (full 0):
 garbage-first heap   total 276480K, used 215185K [0x00000000a0000000, 0x0000000100000000)
  region size 1024K, 94 young (96256K), 10 survivors (10240K)
 Metaspace       used 82207K, committed 83264K, reserved 1122304K
  class space    used 11463K, committed 11904K, reserved 1048576K
}
Event: 13.219 GC heap after
{Heap after GC invocations=37 (full 0):
 garbage-first heap   total 276480K, used 136859K [0x00000000a0000000, 0x0000000100000000)
  region size 1024K, 8 young (8192K), 8 survivors (8192K)
 Metaspace       used 82207K, committed 83264K, reserved 1122304K
  class space    used 11463K, committed 11904K, reserved 1048576K
}
Event: 13.819 GC heap before
{Heap before GC invocations=37 (full 0):
 garbage-first heap   total 276480K, used 219803K [0x00000000a0000000, 0x0000000100000000)
  region size 1024K, 89 young (91136K), 8 survivors (8192K)
 Metaspace       used 82746K, committed 83840K, reserved 1122304K
  class space    used 11515K, committed 11968K, reserved 1048576K
}
Event: 13.831 GC heap after
{Heap after GC invocations=38 (full 0):
 garbage-first heap   total 276480K, used 152387K [0x00000000a0000000, 0x0000000100000000)
  region size 1024K, 12 young (12288K), 12 survivors (12288K)
 Metaspace       used 82746K, committed 83840K, reserved 1122304K
  class space    used 11515K, committed 11968K, reserved 1048576K
}

